<?xml version="1.0" encoding="UTF-8"?>
<testsuite xmlns:xsi="http://www.w3.org/2001/XMLSchema-instance" xsi:noNamespaceSchemaLocation="https://maven.apache.org/surefire/maven-surefire-plugin/xsd/surefire-test-report-3.0.xsd" version="3.0" name="gc.apiClient.GcClientApplicationTests" time="20.522" tests="1" errors="0" skipped="0" failures="0">
  <properties>
[...]
</properties>
  <testcase name="contextLoads" classname="gc.apiClient.GcClientApplicationTests" time="1.932">
    <system-out><![CDATA[12:23:27,130 |-INFO in ch.qos.logback.classic.LoggerContext[default] - This is logback-classic version 1.4.14
12:23:27,135 |-INFO in ch.qos.logback.classic.util.ContextInitializer@4ce1d6d0 - Here is a list of configurators discovered as a service, by rank: 
12:23:27,135 |-INFO in ch.qos.logback.classic.util.ContextInitializer@4ce1d6d0 -   org.springframework.boot.logging.logback.RootLogLevelConfigurator
12:23:27,135 |-INFO in ch.qos.logback.classic.util.ContextInitializer@4ce1d6d0 - They will be invoked in order until ExecutionStatus.DO_NOT_INVOKE_NEXT_IF_ANY is returned.
12:23:27,135 |-INFO in ch.qos.logback.classic.util.ContextInitializer@4ce1d6d0 - Constructed configurator of type class org.springframework.boot.logging.logback.RootLogLevelConfigurator
12:23:27,149 |-INFO in ch.qos.logback.classic.util.ContextInitializer@4ce1d6d0 - org.springframework.boot.logging.logback.RootLogLevelConfigurator.configure() call lasted 1 milliseconds. ExecutionStatus=INVOKE_NEXT_IF_ANY
12:23:27,149 |-INFO in ch.qos.logback.classic.util.ContextInitializer@4ce1d6d0 - Trying to configure with ch.qos.logback.classic.joran.SerializedModelConfigurator
12:23:27,150 |-INFO in ch.qos.logback.classic.util.ContextInitializer@4ce1d6d0 - Constructed configurator of type class ch.qos.logback.classic.joran.SerializedModelConfigurator
12:23:27,154 |-INFO in ch.qos.logback.classic.LoggerContext[default] - Could NOT find resource [logback-test.scmo]
12:23:27,154 |-INFO in ch.qos.logback.classic.LoggerContext[default] - Could NOT find resource [logback.scmo]
12:23:27,154 |-INFO in ch.qos.logback.classic.util.ContextInitializer@4ce1d6d0 - ch.qos.logback.classic.joran.SerializedModelConfigurator.configure() call lasted 4 milliseconds. ExecutionStatus=INVOKE_NEXT_IF_ANY
12:23:27,154 |-INFO in ch.qos.logback.classic.util.ContextInitializer@4ce1d6d0 - Trying to configure with ch.qos.logback.classic.util.DefaultJoranConfigurator
12:23:27,155 |-INFO in ch.qos.logback.classic.util.ContextInitializer@4ce1d6d0 - Constructed configurator of type class ch.qos.logback.classic.util.DefaultJoranConfigurator
12:23:27,156 |-INFO in ch.qos.logback.classic.LoggerContext[default] - Could NOT find resource [logback-test.xml]
12:23:27,162 |-INFO in ch.qos.logback.classic.LoggerContext[default] - Found resource [logback.xml] at [file:/D:/LG_Project/GcAPIGateway/target/classes/logback.xml]
12:23:27,469 |-WARN in ch.qos.logback.core.model.processor.ImplicitModelHandler - Ignoring unknown property [springProperty] in [ch.qos.logback.classic.LoggerContext]
12:23:27,478 |-INFO in ch.qos.logback.core.model.processor.AppenderModelHandler - Processing appender named [CONSOLE]
12:23:27,478 |-INFO in ch.qos.logback.core.model.processor.AppenderModelHandler - About to instantiate appender of type [ch.qos.logback.core.ConsoleAppender]
12:23:27,547 |-INFO in ch.qos.logback.core.model.processor.AppenderModelHandler - Processing appender named [FILE]
12:23:27,547 |-INFO in ch.qos.logback.core.model.processor.AppenderModelHandler - About to instantiate appender of type [ch.qos.logback.core.rolling.RollingFileAppender]
12:23:27,584 |-INFO in c.q.l.core.rolling.TimeBasedRollingPolicy@605101809 - No compression will be used
12:23:27,586 |-INFO in c.q.l.core.rolling.TimeBasedRollingPolicy@605101809 - Will use the pattern ./logs/log_back/apiclient.%d{yyyy-MM-dd}_%i.log for the active file
12:23:27,593 |-INFO in ch.qos.logback.core.rolling.SizeAndTimeBasedFNATP@1f3f02ee - The date pattern is 'yyyy-MM-dd' from file name pattern './logs/log_back/apiclient.%d{yyyy-MM-dd}_%i.log'.
12:23:27,593 |-INFO in ch.qos.logback.core.rolling.SizeAndTimeBasedFNATP@1f3f02ee - Roll-over at midnight.
12:23:27,595 |-INFO in ch.qos.logback.core.rolling.SizeAndTimeBasedFNATP@1f3f02ee - Setting initial period to 2024-06-25T03:17:36.756Z
12:23:27,595 |-WARN in ch.qos.logback.core.rolling.SizeAndTimeBasedFNATP@1f3f02ee - SizeAndTimeBasedFNATP is deprecated. Use SizeAndTimeBasedRollingPolicy instead
12:23:27,595 |-WARN in ch.qos.logback.core.rolling.SizeAndTimeBasedFNATP@1f3f02ee - For more information see http://logback.qos.ch/manual/appenders.html#SizeAndTimeBasedRollingPolicy
12:23:27,605 |-INFO in ch.qos.logback.core.rolling.RollingFileAppender[FILE] - Active log file name: ./logs/apiclient.log
12:23:27,605 |-INFO in ch.qos.logback.core.rolling.RollingFileAppender[FILE] - File property is set to [./logs/apiclient.log]
12:23:27,608 |-INFO in ch.qos.logback.core.model.processor.AppenderModelHandler - Processing appender named [CATALINA]
12:23:27,608 |-INFO in ch.qos.logback.core.model.processor.AppenderModelHandler - About to instantiate appender of type [ch.qos.logback.core.rolling.RollingFileAppender]
12:23:27,610 |-INFO in c.q.l.core.rolling.TimeBasedRollingPolicy@534666530 - No compression will be used
12:23:27,610 |-INFO in c.q.l.core.rolling.TimeBasedRollingPolicy@534666530 - Will use the pattern ./logs/tomcat/catalina.%d{yyyy-MM-dd}_%i.log for the active file
12:23:27,611 |-INFO in ch.qos.logback.core.rolling.SizeAndTimeBasedFNATP@5dcb4f5f - The date pattern is 'yyyy-MM-dd' from file name pattern './logs/tomcat/catalina.%d{yyyy-MM-dd}_%i.log'.
12:23:27,611 |-INFO in ch.qos.logback.core.rolling.SizeAndTimeBasedFNATP@5dcb4f5f - Roll-over at midnight.
12:23:27,613 |-INFO in ch.qos.logback.core.rolling.SizeAndTimeBasedFNATP@5dcb4f5f - Setting initial period to 2024-06-25T03:17:29.674Z
12:23:27,613 |-WARN in ch.qos.logback.core.rolling.SizeAndTimeBasedFNATP@5dcb4f5f - SizeAndTimeBasedFNATP is deprecated. Use SizeAndTimeBasedRollingPolicy instead
12:23:27,613 |-WARN in ch.qos.logback.core.rolling.SizeAndTimeBasedFNATP@5dcb4f5f - For more information see http://logback.qos.ch/manual/appenders.html#SizeAndTimeBasedRollingPolicy
12:23:27,614 |-INFO in ch.qos.logback.core.rolling.RollingFileAppender[CATALINA] - Active log file name: ./logs/tomcat/catalina.log
12:23:27,614 |-INFO in ch.qos.logback.core.rolling.RollingFileAppender[CATALINA] - File property is set to [./logs/tomcat/catalina.log]
12:23:27,614 |-INFO in ch.qos.logback.core.model.processor.AppenderModelHandler - Processing appender named [Error]
12:23:27,614 |-INFO in ch.qos.logback.core.model.processor.AppenderModelHandler - About to instantiate appender of type [ch.qos.logback.core.rolling.RollingFileAppender]
12:23:27,619 |-INFO in c.q.l.core.rolling.TimeBasedRollingPolicy@1904288897 - No compression will be used
12:23:27,620 |-INFO in c.q.l.core.rolling.TimeBasedRollingPolicy@1904288897 - Will use the pattern ./logs/log_back/apiclient_err.%d{yyyy-MM-dd}_%i.log for the active file
12:23:27,620 |-INFO in ch.qos.logback.core.rolling.SizeAndTimeBasedFNATP@16ce702d - The date pattern is 'yyyy-MM-dd' from file name pattern './logs/log_back/apiclient_err.%d{yyyy-MM-dd}_%i.log'.
12:23:27,620 |-INFO in ch.qos.logback.core.rolling.SizeAndTimeBasedFNATP@16ce702d - Roll-over at midnight.
12:23:27,622 |-INFO in ch.qos.logback.core.rolling.SizeAndTimeBasedFNATP@16ce702d - Setting initial period to 2024-06-25T03:14:28.397Z
12:23:27,622 |-WARN in ch.qos.logback.core.rolling.SizeAndTimeBasedFNATP@16ce702d - SizeAndTimeBasedFNATP is deprecated. Use SizeAndTimeBasedRollingPolicy instead
12:23:27,622 |-WARN in ch.qos.logback.core.rolling.SizeAndTimeBasedFNATP@16ce702d - For more information see http://logback.qos.ch/manual/appenders.html#SizeAndTimeBasedRollingPolicy
12:23:27,622 |-INFO in ch.qos.logback.core.rolling.RollingFileAppender[Error] - Active log file name: ./logs/error/apiclient_err.log
12:23:27,622 |-INFO in ch.qos.logback.core.rolling.RollingFileAppender[Error] - File property is set to [./logs/error/apiclient_err.log]
12:23:27,626 |-INFO in ch.qos.logback.classic.model.processor.RootLoggerModelHandler - Setting level of ROOT logger to DEBUG
12:23:27,627 |-INFO in ch.qos.logback.core.model.processor.AppenderRefModelHandler - Attaching appender named [CONSOLE] to Logger[ROOT]
12:23:27,628 |-INFO in ch.qos.logback.core.model.processor.AppenderRefModelHandler - Attaching appender named [FILE] to Logger[ROOT]
12:23:27,628 |-INFO in ch.qos.logback.core.model.processor.AppenderRefModelHandler - Attaching appender named [Error] to Logger[ROOT]
12:23:27,629 |-INFO in ch.qos.logback.classic.model.processor.LoggerModelHandler - Setting level of logger [org.apache.ibatis] to DEBUG
12:23:27,636 |-INFO in ch.qos.logback.classic.model.processor.LoggerModelHandler - Setting additivity of logger [org.apache.ibatis] to false
12:23:27,636 |-INFO in ch.qos.logback.core.model.processor.AppenderRefModelHandler - Attaching appender named [CONSOLE] to Logger[org.apache.ibatis]
12:23:27,636 |-INFO in ch.qos.logback.core.model.processor.AppenderRefModelHandler - Attaching appender named [FILE] to Logger[org.apache.ibatis]
12:23:27,636 |-INFO in ch.qos.logback.core.model.processor.AppenderRefModelHandler - Attaching appender named [Error] to Logger[org.apache.ibatis]
12:23:27,636 |-INFO in ch.qos.logback.classic.model.processor.LoggerModelHandler - Setting level of logger [org.apache.catalina] to DEBUG
12:23:27,637 |-INFO in ch.qos.logback.classic.model.processor.LoggerModelHandler - Setting additivity of logger [org.apache.catalina] to false
12:23:27,637 |-INFO in ch.qos.logback.core.model.processor.AppenderRefModelHandler - Attaching appender named [CATALINA] to Logger[org.apache.catalina]
12:23:27,637 |-INFO in ch.qos.logback.classic.model.processor.LoggerModelHandler - Setting level of logger [io.netty.handler.timeout] to OFF
12:23:27,637 |-INFO in ch.qos.logback.classic.model.processor.LoggerModelHandler - Setting level of logger [org.apache.kafka] to WARN
12:23:27,637 |-INFO in ch.qos.logback.classic.model.processor.LoggerModelHandler - Setting level of logger [org.hibernate] to ERROR
12:23:27,637 |-INFO in ch.qos.logback.classic.model.processor.LoggerModelHandler - Setting level of logger [jdbc] to OFF
12:23:27,637 |-INFO in ch.qos.logback.classic.model.processor.LoggerModelHandler - Setting level of logger [jdbc.connection] to OFF
12:23:27,637 |-INFO in ch.qos.logback.classic.model.processor.LoggerModelHandler - Setting level of logger [jdbc.sqlonly] to OFF
12:23:27,637 |-INFO in ch.qos.logback.classic.model.processor.LoggerModelHandler - Setting level of logger [jdbc.sqltiming] to DEBUG
12:23:27,637 |-INFO in ch.qos.logback.classic.model.processor.LoggerModelHandler - Setting level of logger [jdbc.audit] to OFF
12:23:27,637 |-INFO in ch.qos.logback.classic.model.processor.LoggerModelHandler - Setting level of logger [jdbc.resultset] to OFF
12:23:27,638 |-INFO in ch.qos.logback.classic.model.processor.LoggerModelHandler - Setting level of logger [jdbc.resultsettable] to OFF
12:23:27,638 |-INFO in ch.qos.logback.core.model.processor.DefaultProcessor@7b94089b - End of configuration.
12:23:27,640 |-INFO in ch.qos.logback.classic.joran.JoranConfigurator@7ca20101 - Registering current configuration as safe fallback point
12:23:27,640 |-INFO in ch.qos.logback.classic.util.ContextInitializer@4ce1d6d0 - ch.qos.logback.classic.util.DefaultJoranConfigurator.configure() call lasted 485 milliseconds. ExecutionStatus=DO_NOT_INVOKE_NEXT_IF_ANY

INFO  24-06-25 12:23:27[main] [AnnotationConfigContextLoaderUtils:83] - Could not detect default configuration classes for test class [gc.apiClient.GcClientApplicationTests]: GcClientApplicationTests does not declare any static, non-private, non-final, nested classes annotated with @Configuration.
INFO  24-06-25 12:23:28[main] [SpringBootTestContextBootstrapper:234] - Found @SpringBootConfiguration gc.apiClient.GcClientApplication for test class gc.apiClient.GcClientApplicationTests
12:23:28,862 |-INFO in ch.qos.logback.core.model.processor.AppenderModelHandler - Processing appender named [CONSOLE]
12:23:28,862 |-INFO in ch.qos.logback.core.model.processor.AppenderModelHandler - About to instantiate appender of type [ch.qos.logback.core.ConsoleAppender]
12:23:28,863 |-INFO in ch.qos.logback.core.model.processor.AppenderModelHandler - Processing appender named [FILE]
12:23:28,863 |-INFO in ch.qos.logback.core.model.processor.AppenderModelHandler - About to instantiate appender of type [ch.qos.logback.core.rolling.RollingFileAppender]
12:23:28,865 |-INFO in c.q.l.core.rolling.TimeBasedRollingPolicy@602830277 - No compression will be used
12:23:28,865 |-INFO in c.q.l.core.rolling.TimeBasedRollingPolicy@602830277 - Will use the pattern ./logs/log_back/apiclient.%d{yyyy-MM-dd}_%i.log for the active file
12:23:28,866 |-INFO in ch.qos.logback.core.rolling.SizeAndTimeBasedFNATP@11a7ba62 - The date pattern is 'yyyy-MM-dd' from file name pattern './logs/log_back/apiclient.%d{yyyy-MM-dd}_%i.log'.
12:23:28,866 |-INFO in ch.qos.logback.core.rolling.SizeAndTimeBasedFNATP@11a7ba62 - Roll-over at midnight.
12:23:28,868 |-INFO in ch.qos.logback.core.rolling.SizeAndTimeBasedFNATP@11a7ba62 - Setting initial period to 2024-06-25T03:23:28.140Z
12:23:28,868 |-WARN in ch.qos.logback.core.rolling.SizeAndTimeBasedFNATP@11a7ba62 - SizeAndTimeBasedFNATP is deprecated. Use SizeAndTimeBasedRollingPolicy instead
12:23:28,868 |-WARN in ch.qos.logback.core.rolling.SizeAndTimeBasedFNATP@11a7ba62 - For more information see http://logback.qos.ch/manual/appenders.html#SizeAndTimeBasedRollingPolicy
12:23:28,869 |-INFO in ch.qos.logback.core.rolling.RollingFileAppender[FILE] - Active log file name: ./logs/apiclient.log
12:23:28,869 |-INFO in ch.qos.logback.core.rolling.RollingFileAppender[FILE] - File property is set to [./logs/apiclient.log]
12:23:28,869 |-INFO in ch.qos.logback.core.model.processor.AppenderModelHandler - Processing appender named [CATALINA]
12:23:28,869 |-INFO in ch.qos.logback.core.model.processor.AppenderModelHandler - About to instantiate appender of type [ch.qos.logback.core.rolling.RollingFileAppender]
12:23:28,871 |-INFO in c.q.l.core.rolling.TimeBasedRollingPolicy@873168630 - No compression will be used
12:23:28,872 |-INFO in c.q.l.core.rolling.TimeBasedRollingPolicy@873168630 - Will use the pattern ./logs/tomcat/catalina.%d{yyyy-MM-dd}_%i.log for the active file
12:23:28,872 |-INFO in ch.qos.logback.core.rolling.SizeAndTimeBasedFNATP@30404dba - The date pattern is 'yyyy-MM-dd' from file name pattern './logs/tomcat/catalina.%d{yyyy-MM-dd}_%i.log'.
12:23:28,872 |-INFO in ch.qos.logback.core.rolling.SizeAndTimeBasedFNATP@30404dba - Roll-over at midnight.
12:23:28,874 |-INFO in ch.qos.logback.core.rolling.SizeAndTimeBasedFNATP@30404dba - Setting initial period to 2024-06-25T03:17:29.674Z
12:23:28,874 |-WARN in ch.qos.logback.core.rolling.SizeAndTimeBasedFNATP@30404dba - SizeAndTimeBasedFNATP is deprecated. Use SizeAndTimeBasedRollingPolicy instead
12:23:28,874 |-WARN in ch.qos.logback.core.rolling.SizeAndTimeBasedFNATP@30404dba - For more information see http://logback.qos.ch/manual/appenders.html#SizeAndTimeBasedRollingPolicy
12:23:28,874 |-INFO in ch.qos.logback.core.rolling.RollingFileAppender[CATALINA] - Active log file name: ./logs/tomcat/catalina.log
12:23:28,874 |-INFO in ch.qos.logback.core.rolling.RollingFileAppender[CATALINA] - File property is set to [./logs/tomcat/catalina.log]
12:23:28,875 |-INFO in ch.qos.logback.core.model.processor.AppenderModelHandler - Processing appender named [Error]
12:23:28,875 |-INFO in ch.qos.logback.core.model.processor.AppenderModelHandler - About to instantiate appender of type [ch.qos.logback.core.rolling.RollingFileAppender]
12:23:28,879 |-INFO in c.q.l.core.rolling.TimeBasedRollingPolicy@1615873578 - No compression will be used
12:23:28,879 |-INFO in c.q.l.core.rolling.TimeBasedRollingPolicy@1615873578 - Will use the pattern ./logs/log_back/apiclient_err.%d{yyyy-MM-dd}_%i.log for the active file
12:23:28,879 |-INFO in ch.qos.logback.core.rolling.SizeAndTimeBasedFNATP@4c0884e8 - The date pattern is 'yyyy-MM-dd' from file name pattern './logs/log_back/apiclient_err.%d{yyyy-MM-dd}_%i.log'.
12:23:28,879 |-INFO in ch.qos.logback.core.rolling.SizeAndTimeBasedFNATP@4c0884e8 - Roll-over at midnight.
12:23:28,881 |-INFO in ch.qos.logback.core.rolling.SizeAndTimeBasedFNATP@4c0884e8 - Setting initial period to 2024-06-25T03:14:28.397Z
12:23:28,881 |-WARN in ch.qos.logback.core.rolling.SizeAndTimeBasedFNATP@4c0884e8 - SizeAndTimeBasedFNATP is deprecated. Use SizeAndTimeBasedRollingPolicy instead
12:23:28,881 |-WARN in ch.qos.logback.core.rolling.SizeAndTimeBasedFNATP@4c0884e8 - For more information see http://logback.qos.ch/manual/appenders.html#SizeAndTimeBasedRollingPolicy
12:23:28,882 |-INFO in ch.qos.logback.core.rolling.RollingFileAppender[Error] - Active log file name: ./logs/error/apiclient_err.log
12:23:28,882 |-INFO in ch.qos.logback.core.rolling.RollingFileAppender[Error] - File property is set to [./logs/error/apiclient_err.log]
12:23:28,882 |-INFO in ch.qos.logback.classic.model.processor.RootLoggerModelHandler - Setting level of ROOT logger to DEBUG
12:23:28,883 |-INFO in ch.qos.logback.core.model.processor.AppenderRefModelHandler - Attaching appender named [CONSOLE] to Logger[ROOT]
12:23:28,883 |-INFO in ch.qos.logback.core.model.processor.AppenderRefModelHandler - Attaching appender named [FILE] to Logger[ROOT]
12:23:28,883 |-INFO in ch.qos.logback.core.model.processor.AppenderRefModelHandler - Attaching appender named [Error] to Logger[ROOT]
12:23:28,883 |-INFO in ch.qos.logback.classic.model.processor.LoggerModelHandler - Setting level of logger [org.apache.ibatis] to DEBUG
12:23:28,883 |-INFO in ch.qos.logback.classic.jul.LevelChangePropagator@231baf51 - Propagating DEBUG level on Logger[org.apache.ibatis] onto the JUL framework
12:23:28,884 |-INFO in ch.qos.logback.classic.model.processor.LoggerModelHandler - Setting additivity of logger [org.apache.ibatis] to false
12:23:28,884 |-INFO in ch.qos.logback.core.model.processor.AppenderRefModelHandler - Attaching appender named [CONSOLE] to Logger[org.apache.ibatis]
12:23:28,884 |-INFO in ch.qos.logback.core.model.processor.AppenderRefModelHandler - Attaching appender named [FILE] to Logger[org.apache.ibatis]
12:23:28,884 |-INFO in ch.qos.logback.core.model.processor.AppenderRefModelHandler - Attaching appender named [Error] to Logger[org.apache.ibatis]
12:23:28,884 |-INFO in ch.qos.logback.classic.model.processor.LoggerModelHandler - Setting level of logger [org.apache.catalina] to DEBUG
12:23:28,884 |-INFO in ch.qos.logback.classic.jul.LevelChangePropagator@231baf51 - Propagating DEBUG level on Logger[org.apache.catalina] onto the JUL framework
12:23:28,884 |-INFO in ch.qos.logback.classic.model.processor.LoggerModelHandler - Setting additivity of logger [org.apache.catalina] to false
12:23:28,884 |-INFO in ch.qos.logback.core.model.processor.AppenderRefModelHandler - Attaching appender named [CATALINA] to Logger[org.apache.catalina]
12:23:28,884 |-INFO in ch.qos.logback.classic.model.processor.LoggerModelHandler - Setting level of logger [io.netty.handler.timeout] to OFF
12:23:28,884 |-INFO in ch.qos.logback.classic.jul.LevelChangePropagator@231baf51 - Propagating OFF level on Logger[io.netty.handler.timeout] onto the JUL framework
12:23:28,884 |-INFO in ch.qos.logback.classic.model.processor.LoggerModelHandler - Setting level of logger [org.apache.kafka] to WARN
12:23:28,884 |-INFO in ch.qos.logback.classic.jul.LevelChangePropagator@231baf51 - Propagating WARN level on Logger[org.apache.kafka] onto the JUL framework
12:23:28,885 |-INFO in ch.qos.logback.classic.model.processor.LoggerModelHandler - Setting level of logger [org.hibernate] to ERROR
12:23:28,885 |-INFO in ch.qos.logback.classic.jul.LevelChangePropagator@231baf51 - Propagating ERROR level on Logger[org.hibernate] onto the JUL framework
12:23:28,885 |-INFO in ch.qos.logback.classic.model.processor.LoggerModelHandler - Setting level of logger [jdbc] to OFF
12:23:28,885 |-INFO in ch.qos.logback.classic.jul.LevelChangePropagator@231baf51 - Propagating OFF level on Logger[jdbc] onto the JUL framework
12:23:28,885 |-INFO in ch.qos.logback.classic.model.processor.LoggerModelHandler - Setting level of logger [jdbc.connection] to OFF
12:23:28,885 |-INFO in ch.qos.logback.classic.jul.LevelChangePropagator@231baf51 - Propagating OFF level on Logger[jdbc.connection] onto the JUL framework
12:23:28,885 |-INFO in ch.qos.logback.classic.model.processor.LoggerModelHandler - Setting level of logger [jdbc.sqlonly] to OFF
12:23:28,885 |-INFO in ch.qos.logback.classic.jul.LevelChangePropagator@231baf51 - Propagating OFF level on Logger[jdbc.sqlonly] onto the JUL framework
12:23:28,885 |-INFO in ch.qos.logback.classic.model.processor.LoggerModelHandler - Setting level of logger [jdbc.sqltiming] to DEBUG
12:23:28,885 |-INFO in ch.qos.logback.classic.jul.LevelChangePropagator@231baf51 - Propagating DEBUG level on Logger[jdbc.sqltiming] onto the JUL framework
12:23:28,885 |-INFO in ch.qos.logback.classic.model.processor.LoggerModelHandler - Setting level of logger [jdbc.audit] to OFF
12:23:28,885 |-INFO in ch.qos.logback.classic.jul.LevelChangePropagator@231baf51 - Propagating OFF level on Logger[jdbc.audit] onto the JUL framework
12:23:28,885 |-INFO in ch.qos.logback.classic.model.processor.LoggerModelHandler - Setting level of logger [jdbc.resultset] to OFF
12:23:28,885 |-INFO in ch.qos.logback.classic.jul.LevelChangePropagator@231baf51 - Propagating OFF level on Logger[jdbc.resultset] onto the JUL framework
12:23:28,886 |-INFO in ch.qos.logback.classic.model.processor.LoggerModelHandler - Setting level of logger [jdbc.resultsettable] to OFF
12:23:28,886 |-INFO in ch.qos.logback.classic.jul.LevelChangePropagator@231baf51 - Propagating OFF level on Logger[jdbc.resultsettable] onto the JUL framework
12:23:28,886 |-INFO in ch.qos.logback.core.model.processor.DefaultProcessor@11841b15 - End of configuration.
12:23:28,886 |-INFO in org.springframework.boot.logging.logback.SpringBootJoranConfigurator@73877e19 - Registering current configuration as safe fallback point


  .   ____          _            __ _ _
 /\\ / ___'_ __ _ _(_)_ __  __ _ \ \ \ \
( ( )\___ | '_ | '_| | '_ \/ _` | \ \ \ \
 \\/  ___)| |_)| | | | | || (_| |  ) ) ) )
  '  |____| .__|_| |_|_| |_\__, | / / / /
 =========|_|==============|___/=/_/_/_/
 :: Spring Boot ::                (v3.2.2)

WARN  24-06-25 12:23:28[main] [DuplicateJsonObjectContextCustomizerFactory$DuplicateJsonObjectContextCustomizer:78] - 

Found multiple occurrences of org.json.JSONObject on the class path:

	jar:file:/C:/Users/%ec%9d%b8%ed%8f%ac%ec%a0%84%ec%8a%a4/.m2/repository/org/json/json/20210307/json-20210307.jar!/org/json/JSONObject.class
	jar:file:/C:/Users/%ec%9d%b8%ed%8f%ac%ec%a0%84%ec%8a%a4/.m2/repository/com/vaadin/external/google/android-json/0.0.20131108.vaadin1/android-json-0.0.20131108.vaadin1.jar!/org/json/JSONObject.class

You may wish to exclude one of them to ensure predictable runtime behavior

INFO  24-06-25 12:23:28[main] [GcClientApplicationTests:50] - Starting GcClientApplicationTests using Java 21.0.1 with PID 20768 (started by 인포전스 in D:\LG_Project\GcAPIGateway)
INFO  24-06-25 12:23:29[main] [GcClientApplicationTests:660] - The following 3 profiles are active: "postgres", "oracleH", "oracleM"
INFO  24-06-25 12:23:30[main] [RepositoryConfigurationDelegate:139] - Bootstrapping Spring Data JPA repositories in DEFAULT mode.
INFO  24-06-25 12:23:30[main] [RepositoryConfigurationDelegate:208] - Finished Spring Data repository scanning in 263 ms. Found 8 JPA repository interfaces.
INFO  24-06-25 12:23:30[main] [RepositoryConfigurationDelegate:139] - Bootstrapping Spring Data JPA repositories in DEFAULT mode.
INFO  24-06-25 12:23:30[main] [RepositoryConfigurationDelegate:208] - Finished Spring Data repository scanning in 57 ms. Found 8 JPA repository interfaces.
INFO  24-06-25 12:23:30[main] [RepositoryConfigurationDelegate:139] - Bootstrapping Spring Data JPA repositories in DEFAULT mode.
INFO  24-06-25 12:23:31[main] [RepositoryConfigurationDelegate:208] - Finished Spring Data repository scanning in 61 ms. Found 7 JPA repository interfaces.
INFO  24-06-25 12:23:33[main] [SpringPersistenceUnitInfo:87] - No LoadTimeWeaver setup: ignoring JPA class transformer
WARN  24-06-25 12:23:33[main] [HikariConfig:1089] - InfogncORCLH-hikari-pool - idleTimeout has been set but has no effect because the pool is operating as a fixed size pool.
INFO  24-06-25 12:23:33[main] [HikariDataSource:110] - InfogncORCLH-hikari-pool - Starting...
WARN  24-06-25 12:23:33[main] [DriverDataSource:70] - Registered driver with driverClassName=oracle.jdbc.driver.OracleDriver was not found, trying direct instantiation.
INFO  24-06-25 12:23:34[main] [HikariPool:565] - InfogncORCLH-hikari-pool - Added connection oracle.jdbc.driver.T4CConnection@45f1413c
INFO  24-06-25 12:23:34[main] [HikariDataSource:123] - InfogncORCLH-hikari-pool - Start completed.
INFO  24-06-25 12:23:37[main] [LocalContainerEntityManagerFactoryBean:437] - Initialized JPA EntityManagerFactory for persistence unit 'oracleH'
INFO  24-06-25 12:23:37[main] [SpringPersistenceUnitInfo:87] - No LoadTimeWeaver setup: ignoring JPA class transformer
WARN  24-06-25 12:23:37[main] [HikariConfig:1089] - InfogncORCLM-hikari-pool - idleTimeout has been set but has no effect because the pool is operating as a fixed size pool.
INFO  24-06-25 12:23:37[main] [HikariDataSource:110] - InfogncORCLM-hikari-pool - Starting...
WARN  24-06-25 12:23:37[main] [DriverDataSource:70] - Registered driver with driverClassName=oracle.jdbc.driver.OracleDriver was not found, trying direct instantiation.
INFO  24-06-25 12:23:38[main] [HikariPool:565] - InfogncORCLM-hikari-pool - Added connection oracle.jdbc.driver.T4CConnection@66ab3716
INFO  24-06-25 12:23:38[main] [HikariDataSource:123] - InfogncORCLM-hikari-pool - Start completed.
INFO  24-06-25 12:23:38[main] [LocalContainerEntityManagerFactoryBean:437] - Initialized JPA EntityManagerFactory for persistence unit 'oracleM'
INFO  24-06-25 12:23:38[main] [SpringPersistenceUnitInfo:87] - No LoadTimeWeaver setup: ignoring JPA class transformer
INFO  24-06-25 12:23:38[main] [HikariDataSource:110] - Infognc-hikari-pool - Starting...
INFO  24-06-25 12:23:39[main] [HikariPool:565] - Infognc-hikari-pool - Added connection org.postgresql.jdbc.PgConnection@35ab83a7
INFO  24-06-25 12:23:39[main] [HikariDataSource:123] - Infognc-hikari-pool - Start completed.
INFO  24-06-25 12:23:39[main] [LocalContainerEntityManagerFactoryBean:437] - Initialized JPA EntityManagerFactory for persistence unit 'postgres'
INFO  24-06-25 12:23:40[main] [QueryEnhancerFactory:49] - Hibernate is in classpath; If applicable, HQL parser will be used.
WARN  24-06-25 12:23:44[main] [JpaBaseConfiguration$JpaWebConfiguration:232] - spring.jpa.open-in-view is enabled by default. Therefore, database queries may be performed during view rendering. Explicitly configure spring.jpa.open-in-view to disable this warning
INFO  24-06-25 12:23:45[main] [GcClientApplicationTests:56] - Started GcClientApplicationTests in 17.053 seconds (process running for 20.878)
]]></system-out>
    <system-err><![CDATA[WARNING: A Java agent has been loaded dynamically (C:\Users\ÀÎÆ÷Àü½º\.m2\repository\net\bytebuddy\byte-buddy-agent\1.14.11\byte-buddy-agent-1.14.11.j)
WARNING: If a serviceability tool is in use, please run with -XX:+EnableDynamicAgentLoading to hide this warning
WARNING: If a serviceability tool is not in use, please run with -Djdk.instrument.traceUsage for more information
WARNING: Dynamic loading of agents will be disallowed by default in a future release
]]></system-err>
  </testcase>
</testsuite>